<?xml version="1.0" encoding="UTF-8"?>
<!-- Generated by org.testng.reporters.JUnitXMLReporter -->
<testsuite ignored="0" hostname="LAPTOP-S80L74PF" failures="0" tests="2" name="Form Validation Tests" time="13.327" errors="0" timestamp="2026-04-19T21:54:31 IST">
  <testcase classname="tests.FormValidationsTest" name="verifyDuplicateEmailRegistration" time="2.444"/>
  <testcase classname="tests.FormValidationsTest" name="verifyPasswordValidation" time="1.671"/>
</testsuite> <!-- Form Validation Tests -->
