<?xml version="1.0" encoding="UTF-8"?>
<!-- Generated by org.testng.reporters.JUnitXMLReporter -->
<testsuite ignored="0" hostname="LAPTOP-S80L74PF" failures="0" tests="14" name="User Purchase Flow Tests" time="90.545" errors="0" timestamp="2026-04-19T21:55:47 IST">
  <testcase classname="tests.LoginTest" name="verifyLogin" time="1.84"/>
  <testcase classname="tests.LoginTest" name="verifyLogin" time="4.298"/>
  <testcase classname="tests.LoginTest" name="verifyLogin" time="0.418"/>
  <testcase classname="tests.LoginTest" name="verifyLogout" time="1.817"/>
  <testcase classname="tests.ProductTest" name="verifyAddToCart" time="1.374"/>
  <testcase classname="tests.ProductTest" name="verifyMultipleProductsAdd" time="4.177"/>
  <testcase classname="tests.ProductTest" name="verifyProductListing" time="0.585"/>
  <testcase classname="tests.CartTest" name="verifyCheckout" time="4.142"/>
  <testcase classname="tests.CartTest" name="verifyDeleteProduct" time="5.219"/>
  <testcase classname="tests.CartTest" name="verifyProductsInCart" time="2.651"/>
  <testcase classname="tests.CartTest" name="verifyTotalPrice" time="5.262"/>
  <testcase classname="tests.OrderTest" name="verifyOrderAppears" time="1.37"/>
  <testcase classname="tests.OrderTest" name="verifyOrderDetails" time="1.479"/>
  <testcase classname="tests.OrderTest" name="verifyOrderHistoryFields" time="1.464"/>
</testsuite> <!-- User Purchase Flow Tests -->
