<?xml version="1.0" encoding="UTF-8"?>
<!-- Generated by org.testng.reporters.JUnitXMLReporter -->
<testsuite ignored="0" hostname="LAPTOP-S80L74PF" failures="0" tests="2" name="Form Validation and Error Handling Tests" time="14.103" errors="0" timestamp="2026-04-18T16:45:26 IST">
  <testcase classname="tests.FormValidationsTest" name="verifyDuplicateEmailRegistration" time="2.675"/>
  <testcase classname="tests.FormValidationsTest" name="verifyPasswordValidation" time="1.913"/>
</testsuite> <!-- Form Validation and Error Handling Tests -->
