<?xml version="1.0" encoding="UTF-8"?>
<!-- Generated by org.testng.reporters.JUnitXMLReporter -->
<testsuite ignored="0" hostname="LAPTOP-S80L74PF" failures="0" tests="3" name="Order Placement and Checkout Tests" time="32.69" errors="0" timestamp="2026-04-18T16:45:11 IST">
  <testcase classname="tests.OrderTest" name="verifyOrderAppears" time="1.631"/>
  <testcase classname="tests.OrderTest" name="verifyOrderDetails" time="1.628"/>
  <testcase classname="tests.OrderTest" name="verifyOrderHistoryFields" time="1.42"/>
</testsuite> <!-- Order Placement and Checkout Tests -->
