<?xml version="1.0" encoding="UTF-8"?>
<!-- Generated by org.testng.reporters.JUnitXMLReporter -->
<testsuite ignored="0" hostname="LAPTOP-S80L74PF" failures="0" tests="3" name="Product Browsing and Selection Tests" time="22.589" errors="0" timestamp="2026-04-18T16:44:39 IST">
  <testcase classname="tests.ProductTest" name="verifyAddToCart" time="1.665"/>
  <testcase classname="tests.ProductTest" name="verifyMultipleProductsAdd" time="4.919"/>
  <testcase classname="tests.ProductTest" name="verifyProductListing" time="0.656"/>
</testsuite> <!-- Product Browsing and Selection Tests -->
