<?xml version="1.0" encoding="UTF-8"?>
<!-- Generated by org.testng.reporters.JUnitXMLReporter -->
<testsuite ignored="0" hostname="LAPTOP-S80L74PF" failures="1" tests="6" name="Shopping Cart Functionality Tests" time="49.458" errors="0" timestamp="2026-04-18T16:45:28 IST">
  <testcase classname="tests.CartTest" name="verifyCheckout" time="4.925"/>
  <testcase classname="tests.CartTest" name="verifyDeleteProduct" time="4.905"/>
  <testcase classname="tests.CartTest" name="verifyProductsInCart" time="2.563">
    <skipped/>
  </testcase> <!-- verifyProductsInCart -->
  <testcase classname="tests.CartTest" name="verifyProductsInCart" time="2.745">
    <skipped/>
  </testcase> <!-- verifyProductsInCart -->
  <testcase classname="tests.CartTest" name="verifyProductsInCart" time="2.78">
    <failure type="java.lang.AssertionError" message="Product not found in cart expected [true] but found [false]">
      <![CDATA[java.lang.AssertionError: Product not found in cart expected [true] but found [false]
at tests.CartTest.verifyProductsInCart(CartTest.java:35)
at java.base/java.util.ArrayList.forEach(ArrayList.java:1511)
at java.base/java.util.concurrent.FutureTask.run(FutureTask.java:264)
at java.base/java.util.concurrent.ThreadPoolExecutor.runWorker(ThreadPoolExecutor.java:1136)
at java.base/java.util.concurrent.ThreadPoolExecutor$Worker.run(ThreadPoolExecutor.java:635)
at java.base/java.lang.Thread.run(Thread.java:842)
... Removed 20 stack frames]]>
    </failure>
  </testcase> <!-- verifyProductsInCart -->
  <testcase classname="tests.CartTest" name="verifyTotalPrice" time="4.449"/>
</testsuite> <!-- Shopping Cart Functionality Tests -->
