<?xml version="1.0" encoding="UTF-8"?>
<!-- Generated by org.testng.reporters.JUnitXMLReporter -->
<testsuite ignored="0" hostname="LAPTOP-S80L74PF" failures="0" tests="14" name="User Flow Tests" time="102.164" errors="0" timestamp="2026-04-18T16:49:36 IST">
  <testcase classname="tests.LoginTest" name="verifyLogin" time="1.115"/>
  <testcase classname="tests.LoginTest" name="verifyLogin" time="1.603"/>
  <testcase classname="tests.LoginTest" name="verifyLogin" time="1.06"/>
  <testcase classname="tests.LoginTest" name="verifyLogout" time="1.272"/>
  <testcase classname="tests.ProductTest" name="verifyAddToCart" time="1.459"/>
  <testcase classname="tests.ProductTest" name="verifyMultipleProductsAdd" time="4.342"/>
  <testcase classname="tests.ProductTest" name="verifyProductListing" time="0.678"/>
  <testcase classname="tests.CartTest" name="verifyCheckout" time="4.571"/>
  <testcase classname="tests.CartTest" name="verifyDeleteProduct" time="5.439"/>
  <testcase classname="tests.CartTest" name="verifyProductsInCart" time="2.647"/>
  <testcase classname="tests.CartTest" name="verifyTotalPrice" time="4.797"/>
  <testcase classname="tests.OrderTest" name="verifyOrderAppears" time="1.593"/>
  <testcase classname="tests.OrderTest" name="verifyOrderDetails" time="1.64"/>
  <testcase classname="tests.OrderTest" name="verifyOrderHistoryFields" time="1.349"/>
</testsuite> <!-- User Flow Tests -->
