<?xml version="1.0" encoding="UTF-8"?>
<!-- Generated by org.testng.reporters.JUnitXMLReporter -->
<testsuite ignored="0" hostname="LAPTOP-S80L74PF" failures="0" tests="4" name="User Authentication Tests" time="21.387" errors="0" timestamp="2026-04-18T16:44:38 IST">
  <testcase classname="tests.LoginTest" name="verifyLogin" time="1.02"/>
  <testcase classname="tests.LoginTest" name="verifyLogin" time="3.713"/>
  <testcase classname="tests.LoginTest" name="verifyLogin" time="0.354"/>
  <testcase classname="tests.LoginTest" name="verifyLogout" time="2.718"/>
</testsuite> <!-- User Authentication Tests -->
