<?xml version="1.0" encoding="UTF-8"?>
<!-- Generated by org.testng.reporters.JUnitXMLReporter -->
<testsuite ignored="0" hostname="LAPTOP-S80L74PF" failures="0" tests="9" name="Functional Tests" time="71.64" errors="0" timestamp="2026-04-18T16:53:29 IST">
  <testcase classname="tests.CartTest" name="verifyCheckout" time="5.048"/>
  <testcase classname="tests.CartTest" name="verifyDeleteProduct" time="5.172"/>
  <testcase classname="tests.CartTest" name="verifyProductsInCart" time="3.376"/>
  <testcase classname="tests.CartTest" name="verifyTotalPrice" time="4.683"/>
  <testcase classname="tests.OrderTest" name="verifyOrderAppears" time="1.337"/>
  <testcase classname="tests.OrderTest" name="verifyOrderDetails" time="1.613"/>
  <testcase classname="tests.OrderTest" name="verifyOrderHistoryFields" time="1.659"/>
  <testcase classname="tests.FormValidationsTest" name="verifyDuplicateEmailRegistration" time="1.09"/>
  <testcase classname="tests.FormValidationsTest" name="verifyPasswordValidation" time="0.966"/>
</testsuite> <!-- Functional Tests -->
