<?xml version="1.0" encoding="UTF-8"?>
<!-- Generated by org.testng.reporters.JUnitXMLReporter -->
<testsuite ignored="0" hostname="LAPTOP-S80L74PF" failures="0" tests="7" name="Login and Product Tests" time="44.131" errors="0" timestamp="2026-04-18T16:53:02 IST">
  <testcase classname="tests.LoginTest" name="verifyLogin" time="1.455"/>
  <testcase classname="tests.LoginTest" name="verifyLogin" time="0.932"/>
  <testcase classname="tests.LoginTest" name="verifyLogin" time="0.293"/>
  <testcase classname="tests.LoginTest" name="verifyLogout" time="1.52"/>
  <testcase classname="tests.ProductTest" name="verifyAddToCart" time="4.941"/>
  <testcase classname="tests.ProductTest" name="verifyMultipleProductsAdd" time="4.641"/>
  <testcase classname="tests.ProductTest" name="verifyProductListing" time="0.709"/>
</testsuite> <!-- Login and Product Tests -->
