<?xml version="1.0" encoding="UTF-8"?>
<!-- Generated by org.testng.reporters.JUnitXMLReporter -->
<testsuite ignored="0" hostname="LAPTOP-S80L74PF" failures="1" tests="18" name="Parallel Tests" time="66.137" errors="0" timestamp="2026-04-18T16:34:53 IST">
  <testcase classname="tests.OrderTest" name="@BeforeMethod setupTest" time="4.952">
    <failure type="org.openqa.selenium.ElementClickInterceptedException" message="element click intercepted: Element is not clickable at point (1174, 764)
  (Session info: chrome=147.0.7727.56)
Build info: version: &amp;apos;4.21.0&amp;apos;, revision: &amp;apos;79ed462ef4&amp;apos;
System info: os.name: &amp;apos;Windows 11&amp;apos;, os.arch: &amp;apos;amd64&amp;apos;, os.version: &amp;apos;10.0&amp;apos;, java.version: &amp;apos;17.0.16&amp;apos;
Driver info: org.openqa.selenium.chrome.ChromeDriver
Command: [5bd9a28bd3ac98c331b30ef155a17f20, clickElement {id=f.BA3CB9AC35668E7C36A5979A87D0ED4F.d.44462C87ADFAEE0ACA319C4C00039377.e.71}]
Capabilities {acceptInsecureCerts: false, browserName: chrome, browserVersion: 147.0.7727.56, chrome: {chromedriverVersion: 147.0.7727.57 (b4f28b5637d0..., userDataDir: C:\Users\91996\AppData\Loca...}, fedcm:accounts: true, goog:chromeOptions: {debuggerAddress: localhost:51783}, goog:processID: 26648, networkConnectionEnabled: false, pageLoadStrategy: normal, platformName: windows, proxy: Proxy(), se:cdp: ws://localhost:51783/devtoo..., se:cdpVersion: 147.0.7727.56, setWindowRect: true, strictFileInteractability: false, timeouts: {implicit: 0, pageLoad: 300000, script: 30000}, unhandledPromptBehavior: dismiss and notify, webauthn:extension:credBlob: true, webauthn:extension:largeBlob: true, webauthn:extension:minPinLength: true, webauthn:extension:prf: true, webauthn:virtualAuthenticators: true}
Element: [[ChromeDriver: chrome on windows (5bd9a28bd3ac98c331b30ef155a17f20)] -&amp;gt; css selector: .totalRow button]
Session ID: 5bd9a28bd3ac98c331b30ef155a17f20">
      <![CDATA[org.openqa.selenium.ElementClickInterceptedException: element click intercepted: Element is not clickable at point (1174, 764)
  (Session info: chrome=147.0.7727.56)
Build info: version: '4.21.0', revision: '79ed462ef4'
System info: os.name: 'Windows 11', os.arch: 'amd64', os.version: '10.0', java.version: '17.0.16'
Driver info: org.openqa.selenium.chrome.ChromeDriver
Command: [5bd9a28bd3ac98c331b30ef155a17f20, clickElement {id=f.BA3CB9AC35668E7C36A5979A87D0ED4F.d.44462C87ADFAEE0ACA319C4C00039377.e.71}]
Capabilities {acceptInsecureCerts: false, browserName: chrome, browserVersion: 147.0.7727.56, chrome: {chromedriverVersion: 147.0.7727.57 (b4f28b5637d0..., userDataDir: C:\Users\91996\AppData\Loca...}, fedcm:accounts: true, goog:chromeOptions: {debuggerAddress: localhost:51783}, goog:processID: 26648, networkConnectionEnabled: false, pageLoadStrategy: normal, platformName: windows, proxy: Proxy(), se:cdp: ws://localhost:51783/devtoo..., se:cdpVersion: 147.0.7727.56, setWindowRect: true, strictFileInteractability: false, timeouts: {implicit: 0, pageLoad: 300000, script: 30000}, unhandledPromptBehavior: dismiss and notify, webauthn:extension:credBlob: true, webauthn:extension:largeBlob: true, webauthn:extension:minPinLength: true, webauthn:extension:prf: true, webauthn:virtualAuthenticators: true}
Element: [[ChromeDriver: chrome on windows (5bd9a28bd3ac98c331b30ef155a17f20)] -> css selector: .totalRow button]
Session ID: 5bd9a28bd3ac98c331b30ef155a17f20
at org.openqa.selenium.remote.ErrorCodec.decode(ErrorCodec.java:167)
at org.openqa.selenium.remote.codec.w3c.W3CHttpResponseCodec.decode(W3CHttpResponseCodec.java:138)
at org.openqa.selenium.remote.codec.w3c.W3CHttpResponseCodec.decode(W3CHttpResponseCodec.java:50)
at org.openqa.selenium.remote.HttpCommandExecutor.execute(HttpCommandExecutor.java:190)
at org.openqa.selenium.remote.service.DriverCommandExecutor.invokeExecute(DriverCommandExecutor.java:216)
at org.openqa.selenium.remote.service.DriverCommandExecutor.execute(DriverCommandExecutor.java:174)
at org.openqa.selenium.remote.RemoteWebDriver.execute(RemoteWebDriver.java:518)
at org.openqa.selenium.remote.RemoteWebElement.execute(RemoteWebElement.java:223)
at org.openqa.selenium.remote.RemoteWebElement.click(RemoteWebElement.java:76)
at base.BasePage.click(BasePage.java:32)
at pages.CartPage.goToCheckout(CartPage.java:127)
at tests.OrderTest.setupTest(OrderTest.java:31)
at java.base/java.util.concurrent.Executors$RunnableAdapter.call(Executors.java:539)
at java.base/java.util.concurrent.FutureTask.run(FutureTask.java:264)
at java.base/java.util.concurrent.ThreadPoolExecutor.runWorker(ThreadPoolExecutor.java:1136)
at java.base/java.util.concurrent.ThreadPoolExecutor$Worker.run(ThreadPoolExecutor.java:635)
at java.base/java.lang.Thread.run(Thread.java:842)
... Removed 22 stack frames]]>
    </failure>
  </testcase> <!-- @BeforeMethod setupTest -->
  <testcase classname="base.BaseTest" name="@AfterMethod tearDown" time="0.0">
    <skipped/>
  </testcase> <!-- @AfterMethod tearDown -->
  <testcase classname="base.BaseTest" name="@BeforeMethod setUp" time="0.0">
    <skipped/>
  </testcase> <!-- @BeforeMethod setUp -->
  <testcase classname="tests.OrderTest" name="@BeforeMethod setupTest" time="0.0">
    <skipped/>
  </testcase> <!-- @BeforeMethod setupTest -->
  <testcase classname="base.BaseTest" name="@AfterMethod tearDown" time="0.0">
    <skipped/>
  </testcase> <!-- @AfterMethod tearDown -->
  <testcase classname="tests.LoginTest" name="verifyLogin" time="3.52"/>
  <testcase classname="tests.ProductTest" name="verifyAddToCart" time="2.693"/>
  <testcase classname="tests.LoginTest" name="verifyLogin" time="1.712"/>
  <testcase classname="tests.LoginTest" name="verifyLogin" time="0.201"/>
  <testcase classname="tests.ProductTest" name="verifyMultipleProductsAdd" time="5.125"/>
  <testcase classname="tests.LoginTest" name="verifyLogout" time="1.442"/>
  <testcase classname="tests.ProductTest" name="verifyProductListing" time="0.657"/>
  <testcase classname="tests.CartTest" name="verifyCheckout" time="5.29"/>
  <testcase classname="tests.OrderTest" name="verifyOrderAppears" time="1.343"/>
  <testcase classname="tests.CartTest" name="verifyDeleteProduct" time="5.913"/>
  <testcase classname="tests.OrderTest" name="verifyOrderDetails" time="0.0">
    <skipped/>
  </testcase> <!-- verifyOrderDetails -->
  <testcase classname="tests.OrderTest" name="verifyOrderHistoryFields" time="0.001">
    <skipped/>
  </testcase> <!-- verifyOrderHistoryFields -->
  <testcase classname="tests.FormValidationsTest" name="verifyDuplicateEmailRegistration" time="2.346">
    <skipped/>
  </testcase> <!-- verifyDuplicateEmailRegistration -->
  <testcase classname="tests.CartTest" name="verifyProductsInCart" time="2.98"/>
  <testcase classname="tests.FormValidationsTest" name="verifyDuplicateEmailRegistration" time="5.508">
    <skipped/>
  </testcase> <!-- verifyDuplicateEmailRegistration -->
  <testcase classname="tests.CartTest" name="verifyTotalPrice" time="5.596"/>
  <testcase classname="tests.FormValidationsTest" name="verifyDuplicateEmailRegistration" time="1.336">
    <failure type="java.lang.AssertionError" message="Duplicate email error not shown expected [true] but found [false]">
      <![CDATA[java.lang.AssertionError: Duplicate email error not shown expected [true] but found [false]
at tests.FormValidationsTest.verifyDuplicateEmailRegistration(FormValidationsTest.java:27)
at java.base/java.util.concurrent.Executors$RunnableAdapter.call(Executors.java:539)
at java.base/java.util.concurrent.FutureTask.run(FutureTask.java:264)
at java.base/java.util.concurrent.ThreadPoolExecutor.runWorker(ThreadPoolExecutor.java:1136)
at java.base/java.util.concurrent.ThreadPoolExecutor$Worker.run(ThreadPoolExecutor.java:635)
at java.base/java.lang.Thread.run(Thread.java:842)
... Removed 16 stack frames]]>
    </failure>
  </testcase> <!-- verifyDuplicateEmailRegistration -->
  <testcase classname="tests.FormValidationsTest" name="verifyPasswordValidation" time="1.299"/>
</testsuite> <!-- Parallel Tests -->
