<?xml version="1.0" encoding="UTF-8"?>
<!-- Generated by org.testng.reporters.JUnitXMLReporter -->
<testsuite ignored="0" hostname="LAPTOP-S80L74PF" failures="0" tests="7" name="Smoke Tests" time="34.354" errors="0" timestamp="2026-04-18T16:42:05 IST">
  <testcase classname="tests.LoginTest" name="verifyLogin" time="1.269"/>
  <testcase classname="tests.LoginTest" name="verifyLogin" time="1.018"/>
  <testcase classname="tests.LoginTest" name="verifyLogin" time="1.959"/>
  <testcase classname="tests.LoginTest" name="verifyLogout" time="2.554"/>
  <testcase classname="tests.ProductTest" name="verifyAddToCart" time="2.596"/>
  <testcase classname="tests.ProductTest" name="verifyMultipleProductsAdd" time="4.426"/>
  <testcase classname="tests.ProductTest" name="verifyProductListing" time="0.797"/>
</testsuite> <!-- Smoke Tests -->
