<?xml version="1.0" encoding="UTF-8"?>
<!-- Generated by org.testng.reporters.JUnitXMLReporter -->
<testsuite ignored="0" hostname="LAPTOP-S80L74PF" failures="0" tests="15" name="User Purchase Flow Tests" time="96.519" errors="0" timestamp="2026-04-19T21:40:20 IST">
  <testcase classname="tests.LoginTest" name="verifyLogin" time="1.642"/>
  <testcase classname="tests.LoginTest" name="verifyLogin" time="1.089"/>
  <testcase classname="tests.LoginTest" name="verifyLogin" time="0.641"/>
  <testcase classname="tests.LoginTest" name="verifyLogout" time="1.603"/>
  <testcase classname="tests.ProductTest" name="verifyAddToCart" time="2.375"/>
  <testcase classname="tests.ProductTest" name="verifyMultipleProductsAdd" time="4.378"/>
  <testcase classname="tests.ProductTest" name="verifyProductListing" time="0.608"/>
  <testcase classname="tests.CartTest" name="verifyCheckout" time="4.341"/>
  <testcase classname="tests.CartTest" name="verifyDeleteProduct" time="5.676"/>
  <testcase classname="tests.CartTest" name="verifyProductsInCart" time="2.641">
    <skipped/>
  </testcase> <!-- verifyProductsInCart -->
  <testcase classname="tests.CartTest" name="verifyProductsInCart" time="2.607"/>
  <testcase classname="tests.CartTest" name="verifyTotalPrice" time="5.335"/>
  <testcase classname="tests.OrderTest" name="verifyOrderAppears" time="1.571"/>
  <testcase classname="tests.OrderTest" name="verifyOrderDetails" time="1.698"/>
  <testcase classname="tests.OrderTest" name="verifyOrderHistoryFields" time="1.526"/>
</testsuite> <!-- User Purchase Flow Tests -->
