<?xml version="1.0" encoding="UTF-8"?>
<!-- Generated by org.testng.reporters.JUnitReportReporter -->
<testsuite hostname="LAPTOP-S80L74PF" failures="0" tests="5" name="tests.CartTest" time="37.150" errors="0" timestamp="2026-04-19T21:40:20 IST" skipped="1">
  <testcase classname="tests.CartTest" name="verifyDeleteProduct" time="8.128"/>
  <testcase classname="tests.CartTest" name="verifyCheckout" time="8.777"/>
  <testcase classname="tests.CartTest" name="verifyProductsInCart" time="6.454"/>
  <testcase classname="tests.CartTest" name="verifyTotalPrice" time="7.397"/>
  <testcase classname="tests.CartTest" name="verifyProductsInCart" time="6.394">
    <skipped/>
  </testcase> <!-- verifyProductsInCart -->
</testsuite> <!-- tests.CartTest -->
