<?xml version="1.0" encoding="UTF-8"?>
<!-- Generated by org.testng.reporters.JUnitReportReporter -->
<testsuite hostname="LAPTOP-S80L74PF" failures="0" tests="4" name="tests.LoginTest" time="13.131" errors="0" timestamp="2026-04-19T21:40:20 IST" skipped="0">
  <testcase classname="tests.LoginTest" name="verifyLogin" time="3.042"/>
  <testcase classname="tests.LoginTest" name="verifyLogout" time="3.839"/>
  <testcase classname="tests.LoginTest" name="verifyLogin" time="3.395"/>
  <testcase classname="tests.LoginTest" name="verifyLogin" time="2.855"/>
</testsuite> <!-- tests.LoginTest -->
