<?xml version="1.0" encoding="UTF-8"?>
<!-- Generated by org.testng.reporters.JUnitReportReporter -->
<testsuite hostname="LAPTOP-S80L74PF" failures="0" tests="3" name="tests.ProductTest" time="16.520" errors="0" timestamp="2026-04-19T21:40:20 IST" skipped="0">
  <testcase classname="tests.ProductTest" name="verifyMultipleProductsAdd" time="7.427"/>
  <testcase classname="tests.ProductTest" name="verifyProductListing" time="2.922"/>
  <testcase classname="tests.ProductTest" name="verifyAddToCart" time="6.171"/>
</testsuite> <!-- tests.ProductTest -->
