<?xml version="1.0" encoding="UTF-8"?>
<!-- Generated by org.testng.reporters.JUnitReportReporter -->
<testsuite hostname="LAPTOP-S80L74PF" failures="0" tests="3" name="tests.ProductTest" time="12.888" errors="0" timestamp="2026-04-19T21:55:47 IST" skipped="0">
  <testcase classname="tests.ProductTest" name="verifyAddToCart" time="3.697"/>
  <testcase classname="tests.ProductTest" name="verifyMultipleProductsAdd" time="6.415"/>
  <testcase classname="tests.ProductTest" name="verifyProductListing" time="2.776"/>
</testsuite> <!-- tests.ProductTest -->
