<?xml version="1.0" encoding="UTF-8"?>
<!-- Generated by org.testng.reporters.JUnitReportReporter -->
<testsuite hostname="LAPTOP-S80L74PF" failures="0" tests="2" name="tests.FormValidationsTest" time="13.271" errors="0" timestamp="2026-04-19T21:55:47 IST" skipped="0">
  <testcase classname="tests.FormValidationsTest" name="verifyDuplicateEmailRegistration" time="7.449"/>
  <testcase classname="tests.FormValidationsTest" name="verifyPasswordValidation" time="5.822"/>
</testsuite> <!-- tests.FormValidationsTest -->
