<?xml version="1.0" encoding="UTF-8"?>
<!-- Generated by org.testng.reporters.JUnitReportReporter -->
<testsuite hostname="LAPTOP-S80L74PF" failures="0" tests="4" name="tests.CartTest" time="27.815" errors="0" timestamp="2026-04-19T21:55:47 IST" skipped="0">
  <testcase classname="tests.CartTest" name="verifyCheckout" time="6.304"/>
  <testcase classname="tests.CartTest" name="verifyDeleteProduct" time="9.041"/>
  <testcase classname="tests.CartTest" name="verifyTotalPrice" time="7.290"/>
  <testcase classname="tests.CartTest" name="verifyProductsInCart" time="5.180"/>
</testsuite> <!-- tests.CartTest -->
