<?xml version="1.0" encoding="UTF-8"?>
<!-- Generated by org.testng.reporters.JUnitReportReporter -->
<testsuite hostname="LAPTOP-S80L74PF" failures="0" tests="4" name="tests.LoginTest" time="18.273" errors="0" timestamp="2026-04-19T21:55:47 IST" skipped="0">
  <testcase classname="tests.LoginTest" name="verifyLogin" time="3.114"/>
  <testcase classname="tests.LoginTest" name="verifyLogin" time="4.251"/>
  <testcase classname="tests.LoginTest" name="verifyLogin" time="6.152"/>
  <testcase classname="tests.LoginTest" name="verifyLogout" time="4.756"/>
</testsuite> <!-- tests.LoginTest -->
