<?xml version="1.0" encoding="UTF-8"?>
<!-- Generated by org.testng.reporters.JUnitReportReporter -->
<testsuite hostname="LAPTOP-S80L74PF" failures="0" tests="3" name="tests.OrderTest" time="29.281" errors="0" timestamp="2026-04-19T21:55:47 IST" skipped="0">
  <testcase classname="tests.OrderTest" name="verifyOrderAppears" time="12.219"/>
  <testcase classname="tests.OrderTest" name="verifyOrderHistoryFields" time="9.108"/>
  <testcase classname="tests.OrderTest" name="verifyOrderDetails" time="7.954"/>
</testsuite> <!-- tests.OrderTest -->
